<?xml version="1.0" encoding="UTF-8"?>
<testng-results skipped="0" failed="1" total="5" passed="4">
  <reporter-output>
  </reporter-output>
  <suite name="Default suite" duration-ms="69" started-at="2017-11-06T10:53:54Z" finished-at="2017-11-06T10:53:54Z">
    <groups>
    </groups>
    <test name="Default test" duration-ms="69" started-at="2017-11-06T10:53:54Z" finished-at="2017-11-06T10:53:54Z">
      <class name="org.jboss.qe.dvqe.MyFileReaderTest">
        <test-method status="FAIL" signature="MyFileReader()[pri:0, instance:org.jboss.qe.dvqe.MyFileReaderTest@b97c004]" name="MyFileReader" duration-ms="18" started-at="2017-11-06T11:53:54Z" finished-at="2017-11-06T11:53:54Z">
          <exception class="java.lang.RuntimeException">
            <message>
              <![CDATA[Test not implemented]]>
            </message>
            <full-stacktrace>
              <![CDATA[java.lang.RuntimeException: Test not implemented
	at org.jboss.qe.dvqe.MyFileReaderTest.MyFileReader(MyFileReaderTest.java:22)
	at sun.reflect.NativeMethodAccessorImpl.invoke0(Native Method)
	at sun.reflect.NativeMethodAccessorImpl.invoke(NativeMethodAccessorImpl.java:62)
	at sun.reflect.DelegatingMethodAccessorImpl.invoke(DelegatingMethodAccessorImpl.java:43)
	at java.lang.reflect.Method.invoke(Method.java:498)
	at org.testng.internal.MethodInvocationHelper.invokeMethod(MethodInvocationHelper.java:80)
	at org.testng.internal.Invoker.invokeMethod(Invoker.java:714)
	at org.testng.internal.Invoker.invokeTestMethod(Invoker.java:901)
	at org.testng.internal.Invoker.invokeTestMethods(Invoker.java:1231)
	at org.testng.internal.TestMethodWorker.invokeTestMethods(TestMethodWorker.java:127)
	at org.testng.internal.TestMethodWorker.run(TestMethodWorker.java:111)
	at org.testng.TestRunner.privateRun(TestRunner.java:767)
	at org.testng.TestRunner.run(TestRunner.java:617)
	at org.testng.SuiteRunner.runTest(SuiteRunner.java:334)
	at org.testng.SuiteRunner.runSequentially(SuiteRunner.java:329)
	at org.testng.SuiteRunner.privateRun(SuiteRunner.java:291)
	at org.testng.SuiteRunner.run(SuiteRunner.java:240)
	at org.testng.SuiteRunnerWorker.runSuite(SuiteRunnerWorker.java:52)
	at org.testng.SuiteRunnerWorker.run(SuiteRunnerWorker.java:86)
	at org.testng.TestNG.runSuitesSequentially(TestNG.java:1198)
	at org.testng.TestNG.runSuitesLocally(TestNG.java:1123)
	at org.testng.TestNG.run(TestNG.java:1031)
	at org.testng.remote.AbstractRemoteTestNG.run(AbstractRemoteTestNG.java:114)
	at org.testng.remote.RemoteTestNG.initAndRun(RemoteTestNG.java:251)
	at org.testng.remote.RemoteTestNG.main(RemoteTestNG.java:77)
]]>
            </full-stacktrace>
          </exception> <!-- java.lang.RuntimeException -->
          <reporter-output>
          </reporter-output>
        </test-method> <!-- MyFileReader -->
        <test-method status="PASS" signature="getNumberOfLinesTest()[pri:0, instance:org.jboss.qe.dvqe.MyFileReaderTest@b97c004]" name="getNumberOfLinesTest" duration-ms="12" started-at="2017-11-06T11:53:54Z" finished-at="2017-11-06T11:53:54Z">
          <reporter-output>
          </reporter-output>
        </test-method> <!-- getNumberOfLinesTest -->
        <test-method status="PASS" signature="getNumberOfNonEmptyLinesTest()[pri:0, instance:org.jboss.qe.dvqe.MyFileReaderTest@b97c004]" name="getNumberOfNonEmptyLinesTest" duration-ms="2" started-at="2017-11-06T11:53:54Z" finished-at="2017-11-06T11:53:54Z">
          <reporter-output>
          </reporter-output>
        </test-method> <!-- getNumberOfNonEmptyLinesTest -->
        <test-method status="PASS" signature="readFirstNLinesTest()[pri:0, instance:org.jboss.qe.dvqe.MyFileReaderTest@b97c004]" name="readFirstNLinesTest" duration-ms="1" started-at="2017-11-06T11:53:54Z" finished-at="2017-11-06T11:53:54Z">
          <reporter-output>
          </reporter-output>
        </test-method> <!-- readFirstNLinesTest -->
        <test-method status="PASS" signature="readLinesTest()[pri:0, instance:org.jboss.qe.dvqe.MyFileReaderTest@b97c004]" name="readLinesTest" duration-ms="1" started-at="2017-11-06T11:53:54Z" finished-at="2017-11-06T11:53:54Z">
          <reporter-output>
          </reporter-output>
        </test-method> <!-- readLinesTest -->
      </class> <!-- org.jboss.qe.dvqe.MyFileReaderTest -->
    </test> <!-- Default test -->
  </suite> <!-- Default suite -->
</testng-results>
